<?xml version="1.0" encoding="UTF-8"?>
<!-- Generated by org.testng.reporters.JUnitReportReporter -->
<testsuite hostname="RameshSir-PC" name="com.rameshsoft.automation.businessscripts.Test" tests="1" failures="0" timestamp="2 Apr 2018 16:29:34 GMT" time="0.003" errors="0">
  <testcase name="main" time="0.003" classname="com.rameshsoft.automation.businessscripts.Test"/>
</testsuite> <!-- com.rameshsoft.automation.businessscripts.Test -->
