<?xml version="1.0" encoding="UTF-8"?>
<!-- Generated by org.testng.reporters.JUnitReportReporter -->
<testsuite hostname="chinni-PC" name="com.rameshsoft.automation.businessscripts.AlertTest" tests="1" failures="0" timestamp="27 Apr 2018 04:39:49 GMT" time="4.124" errors="0">
  <testcase name="popup" time="4.124" classname="com.rameshsoft.automation.businessscripts.AlertTest"/>
</testsuite> <!-- com.rameshsoft.automation.businessscripts.AlertTest -->
