<?xml version="1.0" encoding="UTF-8"?>
<!-- Generated by org.testng.reporters.JUnitReportReporter -->
<testsuite hostname="RameshSir-PC" name="com.rameshsoft.automation.businessscripts.Demo" tests="1" failures="0" timestamp="2 Apr 2018 16:29:34 GMT" time="0.001" errors="0">
  <testcase name="hello" time="0.001" classname="com.rameshsoft.automation.businessscripts.Demo"/>
</testsuite> <!-- com.rameshsoft.automation.businessscripts.Demo -->
